<?xml version="1.0" encoding="UTF-8"?>
<!-- Generated by org.testng.reporters.JUnitReportReporter -->
<testsuite hostname="DESKTOP-E8U6502" failures="0" tests="4" name="medCapStone.UserEnToEnTest" time="19.068" errors="0" timestamp="2022-11-19T09:13:36 IST" skipped="1">
  <testcase classname="medCapStone.UserEnToEnTest" name="loginPassTest" time="1.494"/>
  <system-out/>
  <testcase classname="medCapStone.UserEnToEnTest" name="HomePageTest" time="14.426"/>
  <system-out/>
  <testcase classname="medCapStone.UserEnToEnTest" name="checkout" time="3.148"/>
  <system-out/>
  <testcase classname="medCapStone.UserEnToEnTest" name="LoginFailTest">
    <skipped/>
  </testcase> <!-- LoginFailTest -->
  <system-out/>
</testsuite> <!-- medCapStone.UserEnToEnTest -->
